<?xml version="1.0" encoding="UTF-8"?><testsuite errors="6" failures="0" name="com.resstful.booker.serenity.testsuite.CRUDTest" skipped="0" tests="6" time="0.8" timestamp="2023-06-05T17:16:42.593+01:00[Europe/London]"><testcase classname="com.resstful.booker.serenity.testsuite.CRUDTest" name="Creating token"><error message="baseURI cannot be null" type="java.lang.IllegalArgumentException">baseURI cannot be null</error><system-err>baseURI cannot be null&#13;
io.restassured.internal.assertion.AssertParameter.notNull(AssertParameter.groovy:26)&#13;
io.restassured.internal.RequestSpecificationImpl.&lt;init&gt;(RequestSpecificationImpl.groovy:132)&#13;
io.restassured.RestAssured.createTestSpecification(RestAssured.java:1492)&#13;
io.restassured.RestAssured.given(RestAssured.java:711)&#13;
net.serenitybdd.rest.SerenityRest.given(SerenityRest.java:211)&#13;
com.resstful.booker.serenity.steps.CreateSteps.createToken(CreateSteps.java:16)&#13;
com.resstful.booker.serenity.testsuite.CRUDTest.test001(CRUDTest.java:40)&#13;
</system-err></testcase><testcase classname="com.resstful.booker.serenity.testsuite.CRUDTest" name="Creating booking"><error message="baseURI cannot be null" type="java.lang.IllegalArgumentException">baseURI cannot be null</error><system-err>baseURI cannot be null&#13;
io.restassured.internal.assertion.AssertParameter.notNull(AssertParameter.groovy:26)&#13;
io.restassured.internal.RequestSpecificationImpl.&lt;init&gt;(RequestSpecificationImpl.groovy:132)&#13;
io.restassured.RestAssured.createTestSpecification(RestAssured.java:1492)&#13;
io.restassured.RestAssured.given(RestAssured.java:711)&#13;
net.serenitybdd.rest.SerenityRest.given(SerenityRest.java:211)&#13;
com.resstful.booker.serenity.steps.CreateSteps.createBooking(CreateSteps.java:36)&#13;
com.resstful.booker.serenity.testsuite.CRUDTest.test002(CRUDTest.java:50)&#13;
</system-err></testcase><testcase classname="com.resstful.booker.serenity.testsuite.CRUDTest" name="Get all bookingid"><error message="baseURI cannot be null" type="java.lang.IllegalArgumentException">baseURI cannot be null</error><system-err>baseURI cannot be null&#13;
io.restassured.internal.assertion.AssertParameter.notNull(AssertParameter.groovy:26)&#13;
io.restassured.internal.RequestSpecificationImpl.&lt;init&gt;(RequestSpecificationImpl.groovy:132)&#13;
io.restassured.RestAssured.createTestSpecification(RestAssured.java:1492)&#13;
io.restassured.RestAssured.given(RestAssured.java:711)&#13;
net.serenitybdd.rest.SerenityRest.given(SerenityRest.java:211)&#13;
com.resstful.booker.serenity.steps.ReadSteps.getAllId(ReadSteps.java:11)&#13;
com.resstful.booker.serenity.testsuite.CRUDTest.test003(CRUDTest.java:63)&#13;
</system-err></testcase><testcase classname="com.resstful.booker.serenity.testsuite.CRUDTest" name="Get single bookingID"><error message="baseURI cannot be null" type="java.lang.IllegalArgumentException">baseURI cannot be null</error><system-err>baseURI cannot be null&#13;
io.restassured.internal.assertion.AssertParameter.notNull(AssertParameter.groovy:26)&#13;
io.restassured.internal.RequestSpecificationImpl.&lt;init&gt;(RequestSpecificationImpl.groovy:132)&#13;
io.restassured.RestAssured.createTestSpecification(RestAssured.java:1492)&#13;
io.restassured.RestAssured.given(RestAssured.java:711)&#13;
net.serenitybdd.rest.SerenityRest.given(SerenityRest.java:211)&#13;
com.resstful.booker.serenity.steps.ReadSteps.getSingleId(ReadSteps.java:18)&#13;
com.resstful.booker.serenity.testsuite.CRUDTest.test004(CRUDTest.java:72)&#13;
</system-err></testcase><testcase classname="com.resstful.booker.serenity.testsuite.CRUDTest" name="update booking"><error message="baseURI cannot be null" type="java.lang.IllegalArgumentException">baseURI cannot be null</error><system-err>baseURI cannot be null&#13;
io.restassured.internal.assertion.AssertParameter.notNull(AssertParameter.groovy:26)&#13;
io.restassured.internal.RequestSpecificationImpl.&lt;init&gt;(RequestSpecificationImpl.groovy:132)&#13;
io.restassured.RestAssured.createTestSpecification(RestAssured.java:1492)&#13;
io.restassured.RestAssured.given(RestAssured.java:711)&#13;
net.serenitybdd.rest.SerenityRest.given(SerenityRest.java:211)&#13;
com.resstful.booker.serenity.steps.UpdateSteps.updateBooking(UpdateSteps.java:25)&#13;
com.resstful.booker.serenity.testsuite.CRUDTest.test005(CRUDTest.java:85)&#13;
</system-err></testcase><testcase classname="com.resstful.booker.serenity.testsuite.CRUDTest" name="Delete the booking and verify if the booking is deleted!"><error message="baseURI cannot be null" type="java.lang.IllegalArgumentException">baseURI cannot be null</error><system-err>baseURI cannot be null&#13;
io.restassured.internal.assertion.AssertParameter.notNull(AssertParameter.groovy:26)&#13;
io.restassured.internal.RequestSpecificationImpl.&lt;init&gt;(RequestSpecificationImpl.groovy:132)&#13;
io.restassured.RestAssured.createTestSpecification(RestAssured.java:1492)&#13;
io.restassured.RestAssured.given(RestAssured.java:711)&#13;
net.serenitybdd.rest.SerenityRest.given(SerenityRest.java:211)&#13;
com.resstful.booker.serenity.steps.DeleteSteps.deleteUser(DeleteSteps.java:11)&#13;
com.resstful.booker.serenity.testsuite.CRUDTest.test006(CRUDTest.java:98)&#13;
</system-err></testcase></testsuite>